adhelper/src/main/res/drawable/google_icon/adhelper/adhelper/build/outputs/logs/manifest-merger-debug-report.txt
-- Merging decision tree log ---
manifest
ADDED from src\main\AndroidManifest.xml:1:1-40:12
INJECTED from src\main\AndroidManifest.xml:1:1-40:12
INJECTED from src\main\AndroidManifest.xml:1:1-40:12
	package
		ADDED from src\main\AndroidManifest.xml:2:5-31
		INJECTED from src\main\AndroidManifest.xml
		INJECTED from src\main\AndroidManifest.xml
	xmlns:android
		ADDED from src\main\AndroidManifest.xml:1:11-69
uses-permission#android.permission.INTERNET
ADDED from src\main\AndroidManifest.xml:4:5-67
	android:name
		ADDED from src\main\AndroidManifest.xml:4:22-64
application
ADDED from src\main\AndroidManifest.xml:6:5-38:19
activity#mediation.helper.backpress.MediationBackPressDialog
ADDED from src\main\AndroidManifest.xml:7:9-9:59
	android:theme
		ADDED from src\main\AndroidManifest.xml:9:13-56
	android:name
		ADDED from src\main\AndroidManifest.xml:8:13-79
activity#com.facebook.ads.AudienceNetworkActivity
ADDED from src\main\AndroidManifest.xml:12:9-17:40
	android:process
		ADDED from src\main\AndroidManifest.xml:17:13-38
	android:multiprocess
		ADDED from src\main\AndroidManifest.xml:16:13-40
	android:hardwareAccelerated
		ADDED from src\main\AndroidManifest.xml:15:13-47
	android:configChanges
		ADDED from src\main\AndroidManifest.xml:14:13-74
	android:name
		ADDED from src\main\AndroidManifest.xml:13:13-68
meta-data#com.google.android.gms.ads.AD_MANAGER_APP
ADDED from src\main\AndroidManifest.xml:19:9-21:36
	android:value
		ADDED from src\main\AndroidManifest.xml:21:13-33
	android:name
		ADDED from src\main\AndroidManifest.xml:20:13-69
meta-data#com.google.android.gms.ads.APPLICATION_ID
ADDED from src\main\AndroidManifest.xml:24:9-26:70
	android:value
		ADDED from src\main\AndroidManifest.xml:26:13-67
	android:name
		ADDED from src\main\AndroidManifest.xml:25:13-69
meta-data#com.google.android.gms.version
ADDED from src\main\AndroidManifest.xml:28:9-30:69
	android:value
		ADDED from src\main\AndroidManifest.xml:30:13-66
	android:name
		ADDED from src\main\AndroidManifest.xml:29:13-58
activity#com.google.android.gms.ads.AdActivity
ADDED from src\main\AndroidManifest.xml:32:9-36:41
	android:process
		ADDED from src\main\AndroidManifest.xml:36:13-38
	android:multiprocess
		ADDED from src\main\AndroidManifest.xml:35:13-40
	android:configChanges
		ADDED from src\main\AndroidManifest.xml:34:13-122
	android:name
		ADDED from src\main\AndroidManifest.xml:33:13-65
uses-sdk
INJECTED from src\main\AndroidManifest.xml reason: use-sdk injection requested
INJECTED from src\main\AndroidManifest.xml
INJECTED from src\main\AndroidManifest.xml
INJECTED from src\main\AndroidManifest.xml
INJECTED from src\main\AndroidManifest.xml
	android:targetSdkVersion
		INJECTED from src\main\AndroidManifest.xml
		ADDED from src\main\AndroidManifest.xml
		INJECTED from src\main\AndroidManifest.xml
	android:minSdkVersion
		INJECTED from src\main\AndroidManifest.xml
		ADDED from src\main\AndroidManifest.xml
		INJECTED from src\main\AndroidManifest.xml